<?xml version="1.0" encoding="UTF-8"?>
<!-- Generated by org.testng.reporters.JUnitReportReporter -->
<testsuite skipped="0" hostname="Carmens-MacBook-Air.local" name="com.syntax.class01.Dependency" tests="2" failures="0" timestamp="2020-08-30T10:40:28 EDT" time="11.311" errors="0">
  <testcase name="validLogin" time="8.126" classname="com.syntax.class01.Dependency"/>
  <system-out/>
  <testcase name="invalidLogin" time="3.185" classname="com.syntax.class01.Dependency"/>
  <system-out/>
</testsuite> <!-- com.syntax.class01.Dependency -->
