<?xml version="1.0" encoding="UTF-8"?>
<!-- Generated by org.testng.reporters.JUnitReportReporter -->
<testsuite skipped="0" hostname="Carmens-MacBook-Air.local" name="com.syntax.class01.HrmsTestCase" tests="3" failures="0" timestamp="2020-08-30T10:23:38 EDT" time="17.783" errors="0">
  <testcase name="titleValidation" time="3.137" classname="com.syntax.class01.HrmsTestCase"/>
  <system-out/>
  <testcase name="invalidLogin" time="4.178" classname="com.syntax.class01.HrmsTestCase"/>
  <system-out/>
  <testcase name="validLogin" time="10.468" classname="com.syntax.class01.HrmsTestCase"/>
  <system-out/>
</testsuite> <!-- com.syntax.class01.HrmsTestCase -->
