<?xml version="1.0" encoding="UTF-8"?>
<!-- Generated by org.testng.reporters.JUnitReportReporter -->
<testsuite skipped="0" hostname="Carmens-MacBook-Air.local" name="com.syntax.class02.IssueWithoutAssertion" tests="1" failures="0" timestamp="2020-08-30T10:49:18 EDT" time="4.638" errors="0">
  <testcase name="titleValidation" time="4.638" classname="com.syntax.class02.IssueWithoutAssertion"/>
  <system-out/>
</testsuite> <!-- com.syntax.class02.IssueWithoutAssertion -->
