<?xml version="1.0" encoding="UTF-8"?>
<!-- Generated by org.testng.reporters.JUnitReportReporter -->
<testsuite skipped="0" hostname="Carmens-MacBook-Air.local" name="com.syntax.class01.HrmsTestCase" tests="2" failures="0" timestamp="2020-08-30T09:04:44 EDT" time="10.632" errors="0">
  <testcase name="validLogin" time="5.390" classname="com.syntax.class01.HrmsTestCase"/>
  <system-out/>
  <testcase name="titleValidation" time="5.242" classname="com.syntax.class01.HrmsTestCase"/>
  <system-out/>
</testsuite> <!-- com.syntax.class01.HrmsTestCase -->
