<?xml version="1.0" encoding="UTF-8"?>
<!-- Generated by org.testng.reporters.JUnitReportReporter -->
<testsuite skipped="0" hostname="Carmens-MacBook-Air.local" name="com.syntax.class01.DifferentAnnotations" tests="3" failures="0" timestamp="2020-08-30T10:23:43 EDT" time="0.009" errors="0">
  <testcase name="testMethod3" time="0.001" classname="com.syntax.class01.DifferentAnnotations"/>
  <system-out/>
  <testcase name="testMethod" time="0.004" classname="com.syntax.class01.DifferentAnnotations"/>
  <system-out/>
  <testcase name="testMethod2" time="0.004" classname="com.syntax.class01.DifferentAnnotations"/>
  <system-out/>
</testsuite> <!-- com.syntax.class01.DifferentAnnotations -->
